Determining if the pthread_create exist failed with the following output:
Change Dir: /home/mslab/catkin_ws/build/CMakeFiles/CMakeTmp

Run Build Command:"/usr/bin/make" "cmTC_02b21/fast"
/usr/bin/make -f CMakeFiles/cmTC_02b21.dir/build.make CMakeFiles/cmTC_02b21.dir/build
make[1]: ディレクトリ '/home/mslab/catkin_ws/build/CMakeFiles/CMakeTmp' に入ります
Building C object CMakeFiles/cmTC_02b21.dir/CheckSymbolExists.c.o
/usr/bin/cc     -o CMakeFiles/cmTC_02b21.dir/CheckSymbolExists.c.o   -c /home/mslab/catkin_ws/build/CMakeFiles/CMakeTmp/CheckSymbolExists.c
Linking C executable cmTC_02b21
/usr/bin/cmake -E cmake_link_script CMakeFiles/cmTC_02b21.dir/link.txt --verbose=1
/usr/bin/cc       CMakeFiles/cmTC_02b21.dir/CheckSymbolExists.c.o  -o cmTC_02b21 -rdynamic 
CMakeFiles/cmTC_02b21.dir/CheckSymbolExists.c.o: 関数 `main' 内:
CheckSymbolExists.c:(.text+0x16): `pthread_create' に対する定義されていない参照です
collect2: error: ld returned 1 exit status
CMakeFiles/cmTC_02b21.dir/build.make:97: ターゲット 'cmTC_02b21' のレシピで失敗しました
make[1]: *** [cmTC_02b21] エラー 1
make[1]: ディレクトリ '/home/mslab/catkin_ws/build/CMakeFiles/CMakeTmp' から出ます
Makefile:126: ターゲット 'cmTC_02b21/fast' のレシピで失敗しました
make: *** [cmTC_02b21/fast] エラー 2

File /home/mslab/catkin_ws/build/CMakeFiles/CMakeTmp/CheckSymbolExists.c:
/* */
#include <pthread.h>

int main(int argc, char** argv)
{
  (void)argv;
#ifndef pthread_create
  return ((int*)(&pthread_create))[argc];
#else
  (void)argc;
  return 0;
#endif
}

Determining if the function pthread_create exists in the pthreads failed with the following output:
Change Dir: /home/mslab/catkin_ws/build/CMakeFiles/CMakeTmp

Run Build Command:"/usr/bin/make" "cmTC_5f528/fast"
/usr/bin/make -f CMakeFiles/cmTC_5f528.dir/build.make CMakeFiles/cmTC_5f528.dir/build
make[1]: ディレクトリ '/home/mslab/catkin_ws/build/CMakeFiles/CMakeTmp' に入ります
Building C object CMakeFiles/cmTC_5f528.dir/CheckFunctionExists.c.o
/usr/bin/cc    -DCHECK_FUNCTION_EXISTS=pthread_create   -o CMakeFiles/cmTC_5f528.dir/CheckFunctionExists.c.o   -c /usr/share/cmake-3.5/Modules/CheckFunctionExists.c
Linking C executable cmTC_5f528
/usr/bin/cmake -E cmake_link_script CMakeFiles/cmTC_5f528.dir/link.txt --verbose=1
/usr/bin/cc   -DCHECK_FUNCTION_EXISTS=pthread_create    CMakeFiles/cmTC_5f528.dir/CheckFunctionExists.c.o  -o cmTC_5f528 -rdynamic -lpthreads 
/usr/bin/ld: -lpthreads が見つかりません
collect2: error: ld returned 1 exit status
CMakeFiles/cmTC_5f528.dir/build.make:97: ターゲット 'cmTC_5f528' のレシピで失敗しました
make[1]: *** [cmTC_5f528] エラー 1
make[1]: ディレクトリ '/home/mslab/catkin_ws/build/CMakeFiles/CMakeTmp' から出ます
Makefile:126: ターゲット 'cmTC_5f528/fast' のレシピで失敗しました
make: *** [cmTC_5f528/fast] エラー 2


